2020-04-27 12:40:INFO: Retrieving module lectures from AC26307 for the current week...
2020-04-27 12:40:INFO: Retrieving module lectures from AC26307 for the current week...
2020-04-27 12:42:INFO: Retrieving module lectures from AC26307 for the current week...
2020-04-27 12:42:INFO: Sorting lectures in AC26307 by Semester 1
2020-04-27 12:42:INFO: Retrieving module lectures from AC26307 for the current week...
2020-04-27 12:42:INFO: Sorting lectures in AC26307 by Semester 2
2020-04-27 12:42:INFO: Retrieving module lectures from AC26307 for the current week...
2020-04-27 12:42:INFO: Sorting lectures in AC26307 by current week
2020-04-27 12:42:INFO: Retrieving module lectures from AC26307 for the current week...
2020-04-27 12:42:INFO: Cordelia Storment Has less than 80% attendance for AC26307
2020-04-27 12:42:INFO: Mollie Mcdoniel Has less than 80% attendance for AC26307
2020-04-27 12:42:INFO: Brett Mccullan Has less than 80% attendance for AC26307
2020-04-27 12:42:INFO: Teddy Pedrozo Has less than 80% attendance for AC26307
2020-04-27 12:42:INFO: Tasia Andreason Has less than 80% attendance for AC26307
2020-04-27 12:42:INFO: Hubert Walthall Has less than 80% attendance for AC26307
2020-04-27 12:42:INFO: Arthur Farrow Has more than 80% attendance for AC26307
2020-04-27 12:42:INFO: Arthur Farrow Has less than 80% attendance for AC26307
2020-04-27 12:42:INFO: Vilma Berlanga Has less than 80% attendance for AC26307
2020-04-27 12:42:INFO: Billye Miro Has less than 80% attendance for AC26307
2020-04-27 12:42:INFO: Glenna Slayton Has less than 80% attendance for AC26307
2020-04-27 12:42:INFO: Mitzie Hudnall Has less than 80% attendance for AC26307
2020-04-27 12:42:INFO: Bernardine Rodefer Has less than 80% attendance for AC26307
2020-04-27 12:42:INFO: Staci Schmaltz Has less than 80% attendance for AC26307
2020-04-27 12:42:INFO: Nichelle Meteer Has more than 80% attendance for AC26307
2020-04-27 12:42:INFO: Nichelle Meteer Has less than 80% attendance for AC26307
2020-04-27 12:42:INFO: Janine Rhoden Has less than 80% attendance for AC26307
2020-04-27 12:42:INFO: Ettie Hoopengardner Has less than 80% attendance for AC26307
2020-04-27 12:42:INFO: Eden Jayson Has less than 80% attendance for AC26307
2020-04-27 12:42:INFO: Lynelle Auber Has less than 80% attendance for AC26307
2020-04-27 12:42:INFO: Merissa Tomblin Has less than 80% attendance for AC26307
2020-04-27 12:42:INFO: Golda Kaniecki Has less than 80% attendance for AC26307
2020-04-27 12:42:INFO: Catarina Gleich Has less than 80% attendance for AC26307
2020-04-27 12:42:INFO: Virgie Kiel Has less than 80% attendance for AC26307
2020-04-27 12:42:INFO: Jolene Ostolaza Has less than 80% attendance for AC26307
2020-04-27 12:42:INFO: Keneth Borgman Has less than 80% attendance for AC26307
2020-04-27 12:42:INFO: Rikki Nayar Has less than 80% attendance for AC26307
2020-04-27 12:42:INFO: Elke Sengbusch Has less than 80% attendance for AC26307
2020-04-27 12:42:INFO: Hoa Sarao Has less than 80% attendance for AC26307
2020-04-27 12:42:INFO: Trinidad Mcrae Has more than 80% attendance for AC26307
2020-04-27 12:42:INFO: Trinidad Mcrae Has less than 80% attendance for AC26307
2020-04-27 12:42:INFO: Mari Lueckenbach Has less than 80% attendance for AC26307
2020-04-27 12:42:INFO: Selma Husser Has less than 80% attendance for AC26307
2020-04-27 12:42:INFO: Antione Onofrio Has less than 80% attendance for AC26307
2020-04-27 12:42:INFO: Luisa Jurney Has less than 80% attendance for AC26307
2020-04-27 12:42:INFO: Clorinda Heimann Has less than 80% attendance for AC26307
2020-04-27 12:42:INFO: Dick Wenzinger Has less than 80% attendance for AC26307
2020-04-27 12:42:INFO: Ahmed Angalich Has less than 80% attendance for AC26307
2020-04-27 12:42:INFO: Iluminada Ohms Has less than 80% attendance for AC26307
2020-04-27 12:42:INFO: Joanna Leinenbach Has less than 80% attendance for AC26307
2020-04-27 12:42:INFO: Caprice Suell Has less than 80% attendance for AC26307
2020-04-27 12:42:INFO: Stephane Myricks Has less than 80% attendance for AC26307
2020-04-27 12:42:INFO: Quentin Swayze Has less than 80% attendance for AC26307
2020-04-27 12:42:INFO: Annmarie Castros Has less than 80% attendance for AC26307
2020-04-27 12:42:INFO: Shonda Greenbush Has less than 80% attendance for AC26307
2020-04-27 12:42:INFO: Cecil Lapage Has less than 80% attendance for AC26307
2020-04-27 12:42:INFO: Jeanice Claucherty Has less than 80% attendance for AC26307
2020-04-27 12:42:INFO: Josphine Villanueva Has less than 80% attendance for AC26307
2020-04-27 12:42:INFO: Daniel Perruzza Has less than 80% attendance for AC26307
2020-04-27 12:42:INFO: Cassi Wildfong Has less than 80% attendance for AC26307
2020-04-27 12:42:INFO: Britt Galam Has less than 80% attendance for AC26307
2020-04-27 12:42:INFO: Adell Lipkin Has less than 80% attendance for AC26307
2020-04-27 12:42:INFO: Cordelia Storment Has less than 80% attendance for AC76831
2020-04-27 12:42:INFO: Mollie Mcdoniel Has less than 80% attendance for AC76831
2020-04-27 12:42:INFO: Brett Mccullan Has less than 80% attendance for AC76831
2020-04-27 12:42:INFO: Teddy Pedrozo Has less than 80% attendance for AC76831
2020-04-27 12:42:INFO: Tasia Andreason Has less than 80% attendance for AC76831
2020-04-27 12:42:INFO: Hubert Walthall Has less than 80% attendance for AC76831
2020-04-27 12:42:INFO: Arthur Farrow Has less than 80% attendance for AC76831
2020-04-27 12:42:INFO: Vilma Berlanga Has less than 80% attendance for AC76831
2020-04-27 12:42:INFO: Billye Miro Has less than 80% attendance for AC76831
2020-04-27 12:42:INFO: Glenna Slayton Has less than 80% attendance for AC76831
2020-04-27 12:42:INFO: Mitzie Hudnall Has less than 80% attendance for AC76831
2020-04-27 12:42:INFO: Bernardine Rodefer Has less than 80% attendance for AC76831
2020-04-27 12:42:INFO: Staci Schmaltz Has less than 80% attendance for AC76831
2020-04-27 12:42:INFO: Nichelle Meteer Has less than 80% attendance for AC76831
2020-04-27 12:42:INFO: Janine Rhoden Has less than 80% attendance for AC76831
2020-04-27 12:42:INFO: Ettie Hoopengardner Has less than 80% attendance for AC76831
2020-04-27 12:42:INFO: Eden Jayson Has less than 80% attendance for AC76831
2020-04-27 12:42:INFO: Lynelle Auber Has more than 80% attendance for AC76831
2020-04-27 12:42:INFO: Lynelle Auber Has less than 80% attendance for AC76831
2020-04-27 12:42:INFO: Merissa Tomblin Has more than 80% attendance for AC76831
2020-04-27 12:42:INFO: Merissa Tomblin Has less than 80% attendance for AC76831
2020-04-27 12:42:INFO: Golda Kaniecki Has less than 80% attendance for AC76831
2020-04-27 12:42:INFO: Catarina Gleich Has less than 80% attendance for AC76831
2020-04-27 12:42:INFO: Virgie Kiel Has less than 80% attendance for AC76831
2020-04-27 12:42:INFO: Jolene Ostolaza Has less than 80% attendance for AC76831
2020-04-27 12:42:INFO: Keneth Borgman Has more than 80% attendance for AC76831
2020-04-27 12:42:INFO: Keneth Borgman Has less than 80% attendance for AC76831
2020-04-27 12:42:INFO: Rikki Nayar Has less than 80% attendance for AC76831
2020-04-27 12:42:INFO: Elke Sengbusch Has less than 80% attendance for AC76831
2020-04-27 12:42:INFO: Hoa Sarao Has less than 80% attendance for AC76831
2020-04-27 12:42:INFO: Trinidad Mcrae Has less than 80% attendance for AC76831
2020-04-27 12:42:INFO: Mari Lueckenbach Has less than 80% attendance for AC76831
2020-04-27 12:42:INFO: Selma Husser Has less than 80% attendance for AC76831
2020-04-27 12:42:INFO: Antione Onofrio Has less than 80% attendance for AC76831
2020-04-27 12:42:INFO: Luisa Jurney Has less than 80% attendance for AC76831
2020-04-27 12:42:INFO: Clorinda Heimann Has more than 80% attendance for AC76831
2020-04-27 12:42:INFO: Clorinda Heimann Has less than 80% attendance for AC76831
2020-04-27 12:42:INFO: Dick Wenzinger Has less than 80% attendance for AC76831
2020-04-27 12:42:INFO: Ahmed Angalich Has less than 80% attendance for AC76831
2020-04-27 12:42:INFO: Iluminada Ohms Has less than 80% attendance for AC76831
2020-04-27 12:42:INFO: Joanna Leinenbach Has less than 80% attendance for AC76831
2020-04-27 12:42:INFO: Caprice Suell Has less than 80% attendance for AC76831
2020-04-27 12:42:INFO: Stephane Myricks Has less than 80% attendance for AC76831
2020-04-27 12:42:INFO: Quentin Swayze Has less than 80% attendance for AC76831
2020-04-27 12:42:INFO: Annmarie Castros Has less than 50% attendance for AC76831
2020-04-27 12:42:INFO: Annmarie Castros Has less than 80% attendance for AC76831
2020-04-27 12:42:INFO: Shonda Greenbush Has less than 80% attendance for AC76831
2020-04-27 12:42:INFO: Cecil Lapage Has less than 80% attendance for AC76831
2020-04-27 12:42:INFO: Jeanice Claucherty Has less than 80% attendance for AC76831
2020-04-27 12:42:INFO: Josphine Villanueva Has less than 80% attendance for AC76831
2020-04-27 12:42:INFO: Daniel Perruzza Has less than 80% attendance for AC76831
2020-04-27 12:42:INFO: Cassi Wildfong Has less than 80% attendance for AC76831
2020-04-27 12:42:INFO: Britt Galam Has less than 80% attendance for AC76831
2020-04-27 12:42:INFO: Adell Lipkin Has less than 80% attendance for AC76831
2020-04-27 12:42:INFO: Retrieving module lectures from AC76831 for the current week...
2020-04-27 12:43:INFO: Sorting lectures in AC76831 by Semester 2
2020-04-27 12:43:INFO: Retrieving module lectures from AC76831 for the current week...
2020-04-27 12:43:INFO: An email has been sent to Hubert Walthall Regarding poor attendance.
2020-04-27 12:43:INFO: Cordelia Storment Has less than 80% attendance for AC26307
2020-04-27 12:43:INFO: Mollie Mcdoniel Has less than 80% attendance for AC26307
2020-04-27 12:43:INFO: Brett Mccullan Has less than 80% attendance for AC26307
2020-04-27 12:43:INFO: Teddy Pedrozo Has less than 80% attendance for AC26307
2020-04-27 12:43:INFO: Tasia Andreason Has less than 80% attendance for AC26307
2020-04-27 12:43:INFO: Hubert Walthall Has less than 80% attendance for AC26307
2020-04-27 12:43:INFO: Arthur Farrow Has more than 80% attendance for AC26307
2020-04-27 12:43:INFO: Arthur Farrow Has less than 80% attendance for AC26307
2020-04-27 12:43:INFO: Vilma Berlanga Has less than 80% attendance for AC26307
2020-04-27 12:43:INFO: Billye Miro Has less than 80% attendance for AC26307
2020-04-27 12:43:INFO: Glenna Slayton Has less than 80% attendance for AC26307
2020-04-27 12:43:INFO: Mitzie Hudnall Has less than 80% attendance for AC26307
2020-04-27 12:43:INFO: Bernardine Rodefer Has less than 80% attendance for AC26307
2020-04-27 12:43:INFO: Staci Schmaltz Has less than 80% attendance for AC26307
2020-04-27 12:43:INFO: Nichelle Meteer Has more than 80% attendance for AC26307
2020-04-27 12:43:INFO: Nichelle Meteer Has less than 80% attendance for AC26307
2020-04-27 12:43:INFO: Janine Rhoden Has less than 80% attendance for AC26307
2020-04-27 12:43:INFO: Ettie Hoopengardner Has less than 80% attendance for AC26307
2020-04-27 12:43:INFO: Eden Jayson Has less than 80% attendance for AC26307
2020-04-27 12:43:INFO: Lynelle Auber Has less than 80% attendance for AC26307
2020-04-27 12:43:INFO: Merissa Tomblin Has less than 80% attendance for AC26307
2020-04-27 12:43:INFO: Golda Kaniecki Has less than 80% attendance for AC26307
2020-04-27 12:43:INFO: Catarina Gleich Has less than 80% attendance for AC26307
2020-04-27 12:43:INFO: Virgie Kiel Has less than 80% attendance for AC26307
2020-04-27 12:43:INFO: Jolene Ostolaza Has less than 80% attendance for AC26307
2020-04-27 12:43:INFO: Keneth Borgman Has less than 80% attendance for AC26307
2020-04-27 12:43:INFO: Rikki Nayar Has less than 80% attendance for AC26307
2020-04-27 12:43:INFO: Elke Sengbusch Has less than 80% attendance for AC26307
2020-04-27 12:43:INFO: Hoa Sarao Has less than 80% attendance for AC26307
2020-04-27 12:43:INFO: Trinidad Mcrae Has more than 80% attendance for AC26307
2020-04-27 12:43:INFO: Trinidad Mcrae Has less than 80% attendance for AC26307
2020-04-27 12:43:INFO: Mari Lueckenbach Has less than 80% attendance for AC26307
2020-04-27 12:43:INFO: Selma Husser Has less than 80% attendance for AC26307
2020-04-27 12:43:INFO: Antione Onofrio Has less than 80% attendance for AC26307
2020-04-27 12:43:INFO: Luisa Jurney Has less than 80% attendance for AC26307
2020-04-27 12:43:INFO: Clorinda Heimann Has less than 80% attendance for AC26307
2020-04-27 12:43:INFO: Dick Wenzinger Has less than 80% attendance for AC26307
2020-04-27 12:43:INFO: Ahmed Angalich Has less than 80% attendance for AC26307
2020-04-27 12:43:INFO: Iluminada Ohms Has less than 80% attendance for AC26307
2020-04-27 12:43:INFO: Joanna Leinenbach Has less than 80% attendance for AC26307
2020-04-27 12:43:INFO: Caprice Suell Has less than 80% attendance for AC26307
2020-04-27 12:43:INFO: Stephane Myricks Has less than 80% attendance for AC26307
2020-04-27 12:43:INFO: Quentin Swayze Has less than 80% attendance for AC26307
2020-04-27 12:43:INFO: Annmarie Castros Has less than 80% attendance for AC26307
2020-04-27 12:43:INFO: Shonda Greenbush Has less than 80% attendance for AC26307
2020-04-27 12:43:INFO: Cecil Lapage Has less than 80% attendance for AC26307
2020-04-27 12:43:INFO: Jeanice Claucherty Has less than 80% attendance for AC26307
2020-04-27 12:43:INFO: Josphine Villanueva Has less than 80% attendance for AC26307
2020-04-27 12:43:INFO: Daniel Perruzza Has less than 80% attendance for AC26307
2020-04-27 12:43:INFO: Cassi Wildfong Has less than 80% attendance for AC26307
2020-04-27 12:43:INFO: Britt Galam Has less than 80% attendance for AC26307
2020-04-27 12:43:INFO: Adell Lipkin Has less than 80% attendance for AC26307
2020-04-27 12:43:INFO: Cordelia Storment Has less than 80% attendance for AC76831
2020-04-27 12:43:INFO: Mollie Mcdoniel Has less than 80% attendance for AC76831
2020-04-27 12:43:INFO: Brett Mccullan Has less than 80% attendance for AC76831
2020-04-27 12:43:INFO: Teddy Pedrozo Has less than 80% attendance for AC76831
2020-04-27 12:43:INFO: Tasia Andreason Has less than 80% attendance for AC76831
2020-04-27 12:43:INFO: Hubert Walthall Has less than 80% attendance for AC76831
2020-04-27 12:43:INFO: Arthur Farrow Has less than 80% attendance for AC76831
2020-04-27 12:43:INFO: Vilma Berlanga Has less than 80% attendance for AC76831
2020-04-27 12:43:INFO: Billye Miro Has less than 80% attendance for AC76831
2020-04-27 12:43:INFO: Glenna Slayton Has less than 80% attendance for AC76831
2020-04-27 12:43:INFO: Mitzie Hudnall Has less than 80% attendance for AC76831
2020-04-27 12:43:INFO: Bernardine Rodefer Has less than 80% attendance for AC76831
2020-04-27 12:43:INFO: Staci Schmaltz Has less than 80% attendance for AC76831
2020-04-27 12:43:INFO: Nichelle Meteer Has less than 80% attendance for AC76831
2020-04-27 12:43:INFO: Janine Rhoden Has less than 80% attendance for AC76831
2020-04-27 12:43:INFO: Ettie Hoopengardner Has less than 80% attendance for AC76831
2020-04-27 12:43:INFO: Eden Jayson Has less than 80% attendance for AC76831
2020-04-27 12:43:INFO: Lynelle Auber Has more than 80% attendance for AC76831
2020-04-27 12:43:INFO: Lynelle Auber Has less than 80% attendance for AC76831
2020-04-27 12:43:INFO: Merissa Tomblin Has more than 80% attendance for AC76831
2020-04-27 12:43:INFO: Merissa Tomblin Has less than 80% attendance for AC76831
2020-04-27 12:43:INFO: Golda Kaniecki Has less than 80% attendance for AC76831
2020-04-27 12:43:INFO: Catarina Gleich Has less than 80% attendance for AC76831
2020-04-27 12:43:INFO: Virgie Kiel Has less than 80% attendance for AC76831
2020-04-27 12:43:INFO: Jolene Ostolaza Has less than 80% attendance for AC76831
2020-04-27 12:43:INFO: Keneth Borgman Has more than 80% attendance for AC76831
2020-04-27 12:43:INFO: Keneth Borgman Has less than 80% attendance for AC76831
2020-04-27 12:43:INFO: Rikki Nayar Has less than 80% attendance for AC76831
2020-04-27 12:43:INFO: Elke Sengbusch Has less than 80% attendance for AC76831
2020-04-27 12:43:INFO: Hoa Sarao Has less than 80% attendance for AC76831
2020-04-27 12:43:INFO: Trinidad Mcrae Has less than 80% attendance for AC76831
2020-04-27 12:43:INFO: Mari Lueckenbach Has less than 80% attendance for AC76831
2020-04-27 12:43:INFO: Selma Husser Has less than 80% attendance for AC76831
2020-04-27 12:43:INFO: Antione Onofrio Has less than 80% attendance for AC76831
2020-04-27 12:43:INFO: Luisa Jurney Has less than 80% attendance for AC76831
2020-04-27 12:43:INFO: Clorinda Heimann Has more than 80% attendance for AC76831
2020-04-27 12:43:INFO: Clorinda Heimann Has less than 80% attendance for AC76831
2020-04-27 12:43:INFO: Dick Wenzinger Has less than 80% attendance for AC76831
2020-04-27 12:43:INFO: Ahmed Angalich Has less than 80% attendance for AC76831
2020-04-27 12:43:INFO: Iluminada Ohms Has less than 80% attendance for AC76831
2020-04-27 12:43:INFO: Joanna Leinenbach Has less than 80% attendance for AC76831
2020-04-27 12:43:INFO: Caprice Suell Has less than 80% attendance for AC76831
2020-04-27 12:43:INFO: Stephane Myricks Has less than 80% attendance for AC76831
2020-04-27 12:43:INFO: Quentin Swayze Has less than 80% attendance for AC76831
2020-04-27 12:43:INFO: Annmarie Castros Has less than 50% attendance for AC76831
2020-04-27 12:43:INFO: Annmarie Castros Has less than 80% attendance for AC76831
2020-04-27 12:43:INFO: Shonda Greenbush Has less than 80% attendance for AC76831
2020-04-27 12:43:INFO: Cecil Lapage Has less than 80% attendance for AC76831
2020-04-27 12:43:INFO: Jeanice Claucherty Has less than 80% attendance for AC76831
2020-04-27 12:43:INFO: Josphine Villanueva Has less than 80% attendance for AC76831
2020-04-27 12:43:INFO: Daniel Perruzza Has less than 80% attendance for AC76831
2020-04-27 12:43:INFO: Cassi Wildfong Has less than 80% attendance for AC76831
2020-04-27 12:43:INFO: Britt Galam Has less than 80% attendance for AC76831
2020-04-27 12:43:INFO: Adell Lipkin Has less than 80% attendance for AC76831
2020-04-27 12:43:INFO: attempting to remove 200183077 from class list...
2020-04-27 12:43:INFO: Annmarie Castros Removed From AC76831
2020-04-27 12:43:INFO: Cordelia Storment Has less than 80% attendance for AC26307
2020-04-27 12:43:INFO: Mollie Mcdoniel Has less than 80% attendance for AC26307
2020-04-27 12:43:INFO: Brett Mccullan Has less than 80% attendance for AC26307
2020-04-27 12:43:INFO: Teddy Pedrozo Has less than 80% attendance for AC26307
2020-04-27 12:43:INFO: Tasia Andreason Has less than 80% attendance for AC26307
2020-04-27 12:43:INFO: Hubert Walthall Has less than 80% attendance for AC26307
2020-04-27 12:43:INFO: Arthur Farrow Has more than 80% attendance for AC26307
2020-04-27 12:43:INFO: Arthur Farrow Has less than 80% attendance for AC26307
2020-04-27 12:43:INFO: Vilma Berlanga Has less than 80% attendance for AC26307
2020-04-27 12:43:INFO: Billye Miro Has less than 80% attendance for AC26307
2020-04-27 12:43:INFO: Glenna Slayton Has less than 80% attendance for AC26307
2020-04-27 12:43:INFO: Mitzie Hudnall Has less than 80% attendance for AC26307
2020-04-27 12:43:INFO: Bernardine Rodefer Has less than 80% attendance for AC26307
2020-04-27 12:43:INFO: Staci Schmaltz Has less than 80% attendance for AC26307
2020-04-27 12:43:INFO: Nichelle Meteer Has more than 80% attendance for AC26307
2020-04-27 12:43:INFO: Nichelle Meteer Has less than 80% attendance for AC26307
2020-04-27 12:43:INFO: Janine Rhoden Has less than 80% attendance for AC26307
2020-04-27 12:43:INFO: Ettie Hoopengardner Has less than 80% attendance for AC26307
2020-04-27 12:43:INFO: Eden Jayson Has less than 80% attendance for AC26307
2020-04-27 12:43:INFO: Lynelle Auber Has less than 80% attendance for AC26307
2020-04-27 12:43:INFO: Merissa Tomblin Has less than 80% attendance for AC26307
2020-04-27 12:43:INFO: Golda Kaniecki Has less than 80% attendance for AC26307
2020-04-27 12:43:INFO: Catarina Gleich Has less than 80% attendance for AC26307
2020-04-27 12:43:INFO: Virgie Kiel Has less than 80% attendance for AC26307
2020-04-27 12:43:INFO: Jolene Ostolaza Has less than 80% attendance for AC26307
2020-04-27 12:43:INFO: Keneth Borgman Has less than 80% attendance for AC26307
2020-04-27 12:43:INFO: Rikki Nayar Has less than 80% attendance for AC26307
2020-04-27 12:43:INFO: Elke Sengbusch Has less than 80% attendance for AC26307
2020-04-27 12:43:INFO: Hoa Sarao Has less than 80% attendance for AC26307
2020-04-27 12:43:INFO: Trinidad Mcrae Has more than 80% attendance for AC26307
2020-04-27 12:43:INFO: Trinidad Mcrae Has less than 80% attendance for AC26307
2020-04-27 12:43:INFO: Mari Lueckenbach Has less than 80% attendance for AC26307
2020-04-27 12:43:INFO: Selma Husser Has less than 80% attendance for AC26307
2020-04-27 12:43:INFO: Antione Onofrio Has less than 80% attendance for AC26307
2020-04-27 12:43:INFO: Luisa Jurney Has less than 80% attendance for AC26307
2020-04-27 12:43:INFO: Clorinda Heimann Has less than 80% attendance for AC26307
2020-04-27 12:43:INFO: Dick Wenzinger Has less than 80% attendance for AC26307
2020-04-27 12:43:INFO: Ahmed Angalich Has less than 80% attendance for AC26307
2020-04-27 12:43:INFO: Iluminada Ohms Has less than 80% attendance for AC26307
2020-04-27 12:43:INFO: Joanna Leinenbach Has less than 80% attendance for AC26307
2020-04-27 12:43:INFO: Caprice Suell Has less than 80% attendance for AC26307
2020-04-27 12:43:INFO: Stephane Myricks Has less than 80% attendance for AC26307
2020-04-27 12:43:INFO: Quentin Swayze Has less than 80% attendance for AC26307
2020-04-27 12:43:INFO: Annmarie Castros Has less than 80% attendance for AC26307
2020-04-27 12:43:INFO: Shonda Greenbush Has less than 80% attendance for AC26307
2020-04-27 12:43:INFO: Cecil Lapage Has less than 80% attendance for AC26307
2020-04-27 12:43:INFO: Jeanice Claucherty Has less than 80% attendance for AC26307
2020-04-27 12:43:INFO: Josphine Villanueva Has less than 80% attendance for AC26307
2020-04-27 12:43:INFO: Daniel Perruzza Has less than 80% attendance for AC26307
2020-04-27 12:43:INFO: Cassi Wildfong Has less than 80% attendance for AC26307
2020-04-27 12:43:INFO: Britt Galam Has less than 80% attendance for AC26307
2020-04-27 12:43:INFO: Adell Lipkin Has less than 80% attendance for AC26307
2020-04-27 12:43:INFO: Cordelia Storment Has less than 80% attendance for AC76831
2020-04-27 12:43:INFO: Mollie Mcdoniel Has less than 80% attendance for AC76831
2020-04-27 12:43:INFO: Brett Mccullan Has less than 80% attendance for AC76831
2020-04-27 12:43:INFO: Teddy Pedrozo Has less than 80% attendance for AC76831
2020-04-27 12:43:INFO: Tasia Andreason Has less than 80% attendance for AC76831
2020-04-27 12:43:INFO: Hubert Walthall Has less than 80% attendance for AC76831
2020-04-27 12:43:INFO: Arthur Farrow Has less than 80% attendance for AC76831
2020-04-27 12:43:INFO: Vilma Berlanga Has less than 80% attendance for AC76831
2020-04-27 12:43:INFO: Billye Miro Has less than 80% attendance for AC76831
2020-04-27 12:43:INFO: Glenna Slayton Has less than 80% attendance for AC76831
2020-04-27 12:43:INFO: Mitzie Hudnall Has less than 80% attendance for AC76831
2020-04-27 12:43:INFO: Bernardine Rodefer Has less than 80% attendance for AC76831
2020-04-27 12:43:INFO: Staci Schmaltz Has less than 80% attendance for AC76831
2020-04-27 12:43:INFO: Nichelle Meteer Has less than 80% attendance for AC76831
2020-04-27 12:43:INFO: Janine Rhoden Has less than 80% attendance for AC76831
2020-04-27 12:43:INFO: Ettie Hoopengardner Has less than 80% attendance for AC76831
2020-04-27 12:43:INFO: Eden Jayson Has less than 80% attendance for AC76831
2020-04-27 12:43:INFO: Lynelle Auber Has more than 80% attendance for AC76831
2020-04-27 12:43:INFO: Lynelle Auber Has less than 80% attendance for AC76831
2020-04-27 12:43:INFO: Merissa Tomblin Has more than 80% attendance for AC76831
2020-04-27 12:43:INFO: Merissa Tomblin Has less than 80% attendance for AC76831
2020-04-27 12:43:INFO: Golda Kaniecki Has less than 80% attendance for AC76831
2020-04-27 12:43:INFO: Catarina Gleich Has less than 80% attendance for AC76831
2020-04-27 12:43:INFO: Virgie Kiel Has less than 80% attendance for AC76831
2020-04-27 12:43:INFO: Jolene Ostolaza Has less than 80% attendance for AC76831
2020-04-27 12:43:INFO: Keneth Borgman Has more than 80% attendance for AC76831
2020-04-27 12:43:INFO: Keneth Borgman Has less than 80% attendance for AC76831
2020-04-27 12:43:INFO: Rikki Nayar Has less than 80% attendance for AC76831
2020-04-27 12:43:INFO: Elke Sengbusch Has less than 80% attendance for AC76831
2020-04-27 12:43:INFO: Hoa Sarao Has less than 80% attendance for AC76831
2020-04-27 12:43:INFO: Trinidad Mcrae Has less than 80% attendance for AC76831
2020-04-27 12:43:INFO: Mari Lueckenbach Has less than 80% attendance for AC76831
2020-04-27 12:43:INFO: Selma Husser Has less than 80% attendance for AC76831
2020-04-27 12:43:INFO: Antione Onofrio Has less than 80% attendance for AC76831
2020-04-27 12:43:INFO: Luisa Jurney Has less than 80% attendance for AC76831
2020-04-27 12:43:INFO: Clorinda Heimann Has more than 80% attendance for AC76831
2020-04-27 12:43:INFO: Clorinda Heimann Has less than 80% attendance for AC76831
2020-04-27 12:43:INFO: Dick Wenzinger Has less than 80% attendance for AC76831
2020-04-27 12:43:INFO: Ahmed Angalich Has less than 80% attendance for AC76831
2020-04-27 12:43:INFO: Iluminada Ohms Has less than 80% attendance for AC76831
2020-04-27 12:43:INFO: Joanna Leinenbach Has less than 80% attendance for AC76831
2020-04-27 12:43:INFO: Caprice Suell Has less than 80% attendance for AC76831
2020-04-27 12:43:INFO: Stephane Myricks Has less than 80% attendance for AC76831
2020-04-27 12:43:INFO: Quentin Swayze Has less than 80% attendance for AC76831
2020-04-27 12:43:INFO: Shonda Greenbush Has less than 80% attendance for AC76831
2020-04-27 12:43:INFO: Cecil Lapage Has less than 80% attendance for AC76831
2020-04-27 12:43:INFO: Jeanice Claucherty Has less than 80% attendance for AC76831
2020-04-27 12:43:INFO: Josphine Villanueva Has less than 80% attendance for AC76831
2020-04-27 12:43:INFO: Daniel Perruzza Has less than 80% attendance for AC76831
2020-04-27 12:43:INFO: Cassi Wildfong Has less than 80% attendance for AC76831
2020-04-27 12:43:INFO: Britt Galam Has less than 80% attendance for AC76831
2020-04-27 12:43:INFO: Adell Lipkin Has less than 80% attendance for AC76831
2020-04-27 12:43:INFO: Successfully Signed Out
